<?xml version="1.0" encoding="UTF-8"?>
<!-- Generated by org.testng.reporters.JUnitReportReporter -->
<testsuite hostname="DESKTOP-18HR2C0" failures="0" tests="3" name="com.tests.DreamPortalHomeTests" time="35.978" errors="0" timestamp="2025-06-16T10:32:21 IST" skipped="0">
  <testcase classname="com.tests.DreamPortalHomeTests" name="toVerifyClickingOnMyDreamsOpensDreamsDiaryAndDreamsTotalInNewTabs" time="12.185"/>
  <system-out/>
  <testcase classname="com.tests.DreamPortalHomeTests" name="toVerifyLoadingAnimationAppearsAndDisAppearsAfter3Secs" time="15.237"/>
  <system-out/>
  <testcase classname="com.tests.DreamPortalHomeTests" name="toVerifyMainContentAndMyDreamButtonBecomeVisible" time="8.556"/>
  <system-out/>
</testsuite> <!-- com.tests.DreamPortalHomeTests -->
