<?xml version="1.0" encoding="UTF-8"?>
<!-- Generated by org.testng.reporters.JUnitReportReporter -->
<testsuite hostname="DESKTOP-18HR2C0" failures="0" tests="1" name="com.tests.DreamsDiaryTests" time="4.404" errors="0" timestamp="2025-06-15T23:01:45 IST" skipped="0">
  <testcase classname="com.tests.DreamsDiaryTests" name="toValidateDreamLogTableData" time="4.404"/>
  <system-out/>
</testsuite> <!-- com.tests.DreamsDiaryTests -->
